<?xml version="1.0" encoding="UTF-8"?>
<testng-results ignored="0" total="2" passed="2" failed="0" skipped="0">
  <reporter-output>
  </reporter-output>
  <suite started-at="2025-11-21T09:47:48 IST" name="Suite" finished-at="2025-11-21T09:48:32 IST" duration-ms="44280">
    <groups>
    </groups>
    <test started-at="2025-11-21T09:47:48 IST" name="Test" finished-at="2025-11-21T09:48:32 IST" duration-ms="44280">
      <class name="automateWebApp.ValidateAboutUs">
        <test-method signature="test1()[pri:0, instance:automateWebApp.ValidateAboutUs@6f1de4c7]" started-at="2025-11-21T09:47:48 IST" name="test1" finished-at="2025-11-21T09:48:11 IST" duration-ms="23318" status="PASS">
          <reporter-output>
          </reporter-output>
        </test-method> <!-- test1 -->
      </class> <!-- automateWebApp.ValidateAboutUs -->
      <class name="automateWebApp.validateHomePage">
        <test-method signature="test()[pri:0, instance:automateWebApp.validateHomePage@692f203f]" started-at="2025-11-21T09:48:11 IST" name="test" finished-at="2025-11-21T09:48:32 IST" duration-ms="20903" status="PASS">
          <reporter-output>
          </reporter-output>
        </test-method> <!-- test -->
      </class> <!-- automateWebApp.validateHomePage -->
    </test> <!-- Test -->
  </suite> <!-- Suite -->
</testng-results>
